<?xml version="1.0" encoding="UTF-8"?>
<coverage generated="1627477218068" clover="3.2.0">
  <project timestamp="1627477218068" name="All files">
    <metrics statements="10" coveredstatements="4" conditionals="2" coveredconditionals="0" methods="3" coveredmethods="1" elements="15" coveredelements="5" complexity="0" loc="10" ncloc="10" packages="1" files="2" classes="2"/>
    <file name="addToStorage.js" path="/home/ahmet/Desktop/Todolist-2.0/src/addToStorage.js">
      <metrics statements="1" coveredstatements="1" conditionals="0" coveredconditionals="0" methods="1" coveredmethods="0"/>
      <line num="1" count="1" type="stmt"/>
    </file>
    <file name="addTodo.js" path="/home/ahmet/Desktop/Todolist-2.0/src/addTodo.js">
      <metrics statements="9" coveredstatements="3" conditionals="2" coveredconditionals="0" methods="2" coveredmethods="1"/>
      <line num="4" count="1" type="stmt"/>
      <line num="5" count="1" type="stmt"/>
      <line num="6" count="1" type="stmt"/>
      <line num="7" count="0" type="cond" truecount="0" falsecount="2"/>
      <line num="8" count="0" type="stmt"/>
      <line num="14" count="0" type="stmt"/>
      <line num="15" count="0" type="stmt"/>
      <line num="16" count="0" type="stmt"/>
      <line num="17" count="0" type="stmt"/>
    </file>
  </project>
</coverage>
