{"/home/ahmet/Desktop/Todolist-2.0/src/addToStorage.js": {"path":"/home/ahmet/Desktop/Todolist-2.0/src/addToStorage.js","statementMap":{"0":{"start":{"line":1,"column":21},"end":{"line":1,"column":84}},"1":{"start":{"line":1,"column":32},"end":{"line":1,"column":84}}},"fnMap":{"0":{"name":"(anonymous_0)","decl":{"start":{"line":1,"column":21},"end":{"line":1,"column":22}},"loc":{"start":{"line":1,"column":32},"end":{"line":1,"column":84}},"line":1}},"branchMap":{},"s":{"0":1,"1":0},"f":{"0":0},"b":{},"_coverageSchema":"1a1c01bbd47fc00a2c39e90264f33305004495a9","hash":"a0e4c2121b9c49c1fad598141036eebf17878300"}
,"/home/ahmet/Desktop/Todolist-2.0/src/addTodo.js": {"path":"/home/ahmet/Desktop/Todolist-2.0/src/addTodo.js","statementMap":{"0":{"start":{"line":4,"column":25},"end":{"line":20,"column":1}},"1":{"start":{"line":5,"column":20},"end":{"line":5,"column":57}},"2":{"start":{"line":6,"column":2},"end":{"line":19,"column":5}},"3":{"start":{"line":7,"column":4},"end":{"line":18,"column":5}},"4":{"start":{"line":8,"column":22},"end":{"line":12,"column":7}},"5":{"start":{"line":14,"column":6},"end":{"line":14,"column":26}},"6":{"start":{"line":15,"column":6},"end":{"line":15,"column":26}},"7":{"start":{"line":16,"column":6},"end":{"line":16,"column":27}},"8":{"start":{"line":17,"column":6},"end":{"line":17,"column":24}}},"fnMap":{"0":{"name":"(anonymous_0)","decl":{"start":{"line":4,"column":25},"end":{"line":4,"column":26}},"loc":{"start":{"line":4,"column":36},"end":{"line":20,"column":1}},"line":4},"1":{"name":"(anonymous_1)","decl":{"start":{"line":6,"column":38},"end":{"line":6,"column":39}},"loc":{"start":{"line":6,"column":45},"end":{"line":19,"column":3}},"line":6}},"branchMap":{"0":{"loc":{"start":{"line":7,"column":4},"end":{"line":18,"column":5}},"type":"if","locations":[{"start":{"line":7,"column":4},"end":{"line":18,"column":5}},{"start":{"line":7,"column":4},"end":{"line":18,"column":5}}],"line":7}},"s":{"0":1,"1":1,"2":1,"3":0,"4":0,"5":0,"6":0,"7":0,"8":0},"f":{"0":1,"1":0},"b":{"0":[0,0]},"_coverageSchema":"1a1c01bbd47fc00a2c39e90264f33305004495a9","hash":"8a3bae79cf7ab5a4b843460f6af6ad3788541e78"}
}
